Start testing: Mar 14 18:31 Забайкальское стандартное время
----------------------------------------------------------
1/1 Testing: long_number_test
1/1 Test: long_number_test
Command: "C:/ibusko/code/vik_sob/2026_03_07_long_number/build_ninja/long_number/test/long_number_test.exe"
Directory: C:/ibusko/code/vik_sob/2026_03_07_long_number/build_ninja/long_number/test
"long_number_test" start time: Mar 14 18:31 Забайкальское стандартное время
Output:
----------------------------------------------------------
[==========] Running 9 tests from 1 test suite.
[----------] Global test environment set-up.
[----------] 9 tests from Examples
[ RUN      ] Examples.EQ_Test
[       OK ] Examples.EQ_Test (0 ms)
[ RUN      ] Examples.NE_Test
[       OK ] Examples.NE_Test (0 ms)
[ RUN      ] Examples.Gt_Test
[       OK ] Examples.Gt_Test (0 ms)
[ RUN      ] Examples.Lt_Test
[       OK ] Examples.Lt_Test (0 ms)
[ RUN      ] Examples.Add_Test
[       OK ] Examples.Add_Test (0 ms)
[ RUN      ] Examples.Sub_Test
[       OK ] Examples.Sub_Test (0 ms)
[ RUN      ] Examples.Mul_Test
[       OK ] Examples.Mul_Test (0 ms)
[ RUN      ] Examples.Div_Test
[       OK ] Examples.Div_Test (0 ms)
[ RUN      ] Examples.Rem_Test
[       OK ] Examples.Rem_Test (0 ms)
[----------] 9 tests from Examples (0 ms total)

[----------] Global test environment tear-down
[==========] 9 tests from 1 test suite ran. (0 ms total)
[  PASSED  ] 9 tests.
<end of output>
Test time =   0.72 sec
----------------------------------------------------------
Test Passed.
"long_number_test" end time: Mar 14 18:31 Забайкальское стандартное время
"long_number_test" time elapsed: 00:00:00
----------------------------------------------------------

End testing: Mar 14 18:31 Забайкальское стандартное время
